Using pre-set license
Built from '2021.2/staging' branch; Version is '2021.2.11f1 (e50cafbb4399) revision 15010991'; Using compiler version '192829333'; Build Type 'Release'
OS: 'Windows 11  (10.0.22000) 64bit CoreSingleLanguage' Language: 'es' Physical Memory: 10189 MB
BatchMode: 1, IsHumanControllingUs: 0, StartBugReporterOnCrash: 0, Is64bit: 1, IsPro: 0

COMMAND LINE ARGUMENTS:
C:\Program Files\Unity\Hub\Editor\2021.2.11f1\Editor\Unity.exe
-adb2
-batchMode
-noUpm
-name
AssetImportWorker1
-projectPath
C:/Users/cesar/Documents/Proyectos Unity/Practica Formal/Practica-formal-Mac
-logFile
Logs/AssetImportWorker1.log
-srvPort
64244
Successfully changed project path to: C:/Users/cesar/Documents/Proyectos Unity/Practica Formal/Practica-formal-Mac
C:/Users/cesar/Documents/Proyectos Unity/Practica Formal/Practica-formal-Mac
[UnityMemory] Configuration Parameters - Can be set up in boot.config
    "memorysetup-bucket-allocator-granularity=16"
    "memorysetup-bucket-allocator-bucket-count=8"
    "memorysetup-bucket-allocator-block-size=33554432"
    "memorysetup-bucket-allocator-block-count=8"
    "memorysetup-main-allocator-block-size=16777216"
    "memorysetup-thread-allocator-block-size=16777216"
    "memorysetup-gfx-main-allocator-block-size=16777216"
    "memorysetup-gfx-thread-allocator-block-size=16777216"
    "memorysetup-cache-allocator-block-size=4194304"
    "memorysetup-typetree-allocator-block-size=2097152"
    "memorysetup-profiler-bucket-allocator-granularity=16"
    "memorysetup-profiler-bucket-allocator-bucket-count=8"
    "memorysetup-profiler-bucket-allocator-block-size=33554432"
    "memorysetup-profiler-bucket-allocator-block-count=8"
    "memorysetup-profiler-allocator-block-size=16777216"
    "memorysetup-profiler-editor-allocator-block-size=1048576"
    "memorysetup-temp-allocator-size-main=16777216"
    "memorysetup-job-temp-allocator-block-size=2097152"
    "memorysetup-job-temp-allocator-block-size-background=1048576"
    "memorysetup-job-temp-allocator-reduction-small-platforms=262144"
    "memorysetup-temp-allocator-size-background-worker=32768"
    "memorysetup-temp-allocator-size-job-worker=262144"
    "memorysetup-temp-allocator-size-preload-manager=33554432"
    "memorysetup-temp-allocator-size-nav-mesh-worker=65536"
    "memorysetup-temp-allocator-size-audio-worker=65536"
    "memorysetup-temp-allocator-size-cloud-worker=32768"
    "memorysetup-temp-allocator-size-gi-baking-worker=262144"
    "memorysetup-temp-allocator-size-gfx=262144"
Refreshing native plugins compatible for Editor in 475.54 ms, found 3 plugins.
Preloading 0 native plugins for Editor in 0.00 ms.
Initialize engine version: 2021.2.11f1 (e50cafbb4399)
[Subsystems] Discovering subsystems at path C:/Program Files/Unity/Hub/Editor/2021.2.11f1/Editor/Data/Resources/UnitySubsystems
[Subsystems] Discovering subsystems at path C:/Users/cesar/Documents/Proyectos Unity/Practica Formal/Practica-formal-Mac/Assets
GfxDevice: creating device client; threaded=0; jobified=0
Direct3D:
    Version:  Direct3D 11.0 [level 11.1]
    Renderer: AMD Radeon(TM) Graphics (ID=0x15d8)
    Vendor:   ATI
    VRAM:     5094 MB
    Driver:   30.0.13022.3
Initialize mono
Mono path[0] = 'C:/Program Files/Unity/Hub/Editor/2021.2.11f1/Editor/Data/Managed'
Mono path[1] = 'C:/Program Files/Unity/Hub/Editor/2021.2.11f1/Editor/Data/MonoBleedingEdge/lib/mono/unityjit-win32'
Mono config path = 'C:/Program Files/Unity/Hub/Editor/2021.2.11f1/Editor/Data/MonoBleedingEdge/etc'
Using monoOptions --debugger-agent=transport=dt_socket,embedding=1,server=y,suspend=n,address=127.0.0.1:56236
Begin MonoManager ReloadAssembly
Registering precompiled unity dll's ...
Register platform support module: C:/Program Files/Unity/Hub/Editor/2021.2.11f1/Editor/Data/PlaybackEngines/WindowsStandaloneSupport/UnityEditor.WindowsStandalone.Extensions.dll
Registered in 0.015081 seconds.
Native extension for WindowsStandalone target not found
Refreshing native plugins compatible for Editor in 524.43 ms, found 3 plugins.
Preloading 0 native plugins for Editor in 0.00 ms.
Mono: successfully reloaded assembly
- Completed reload, in  1.846 seconds
Domain Reload Profiling:
	ReloadAssembly (1847ms)
		BeginReloadAssembly (191ms)
			ExecutionOrderSort (0ms)
			DisableScriptedObjects (0ms)
			BackupInstance (0ms)
			ReleaseScriptingObjects (0ms)
			CreateAndSetChildDomain (2ms)
		EndReloadAssembly (1474ms)
			LoadAssemblies (187ms)
			RebuildTransferFunctionScriptingTraits (0ms)
			SetupTypeCache (261ms)
			ReleaseScriptCaches (0ms)
			RebuildScriptCaches (58ms)
			SetupLoadedEditorAssemblies (1032ms)
				LogAssemblyErrors (0ms)
				InitializePlatformSupportModulesInManaged (56ms)
				SetLoadedEditorAssemblies (0ms)
				RefreshPlugins (525ms)
				BeforeProcessingInitializeOnLoad (3ms)
				ProcessInitializeOnLoadAttributes (320ms)
				ProcessInitializeOnLoadMethodAttributes (127ms)
				AfterProcessingInitializeOnLoad (0ms)
				EditorAssembliesLoaded (0ms)
			ExecutionOrderSort2 (0ms)
			AwakeInstancesAfterBackupRestoration (0ms)
Platform modules already initialized, skipping
Registering precompiled user dll's ...
Registered in 0.014098 seconds.
Begin MonoManager ReloadAssembly
Symbol file LoadedFromMemory doesn't match image C:\Users\cesar\Documents\Proyectos Unity\Practica Formal\Practica-formal-Mac\Library\PackageCache\com.unity.visualscripting@1.7.6\Editor\VisualScripting.Core\Dependencies\YamlDotNet\Unity.VisualScripting.YamlDotNet.dll
Symbol file LoadedFromMemory doesn't match image C:\Users\cesar\Documents\Proyectos Unity\Practica Formal\Practica-formal-Mac\Library\PackageCache\com.unity.visualscripting@1.7.6\Editor\VisualScripting.Core\Dependencies\DotNetZip\Unity.VisualScripting.IonicZip.dll
Native extension for WindowsStandalone target not found
Refreshing native plugins compatible for Editor in 1.20 ms, found 3 plugins.
Preloading 0 native plugins for Editor in 0.00 ms.
Mono: successfully reloaded assembly
- Completed reload, in  2.317 seconds
Domain Reload Profiling:
	ReloadAssembly (2318ms)
		BeginReloadAssembly (304ms)
			ExecutionOrderSort (0ms)
			DisableScriptedObjects (11ms)
			BackupInstance (0ms)
			ReleaseScriptingObjects (0ms)
			CreateAndSetChildDomain (48ms)
		EndReloadAssembly (1794ms)
			LoadAssemblies (231ms)
			RebuildTransferFunctionScriptingTraits (0ms)
			SetupTypeCache (592ms)
			ReleaseScriptCaches (2ms)
			RebuildScriptCaches (118ms)
			SetupLoadedEditorAssemblies (805ms)
				LogAssemblyErrors (0ms)
				InitializePlatformSupportModulesInManaged (30ms)
				SetLoadedEditorAssemblies (1ms)
				RefreshPlugins (1ms)
				BeforeProcessingInitializeOnLoad (171ms)
				ProcessInitializeOnLoadAttributes (530ms)
				ProcessInitializeOnLoadMethodAttributes (53ms)
				AfterProcessingInitializeOnLoad (18ms)
				EditorAssembliesLoaded (0ms)
			ExecutionOrderSort2 (0ms)
			AwakeInstancesAfterBackupRestoration (11ms)
Platform modules already initialized, skipping
========================================================================
Worker process is ready to serve import requests
Launched and connected shader compiler UnityShaderCompiler.exe after 0.10 seconds
Refreshing native plugins compatible for Editor in 1.12 ms, found 3 plugins.
Preloading 0 native plugins for Editor in 0.00 ms.
Unloading 3221 Unused Serialized files (Serialized files now loaded: 0)
Unloading 24 unused Assets / (56.0 KB). Loaded Objects now: 3680.
Memory consumption went from 113.3 MB to 113.2 MB.
Total: 6.005900 ms (FindLiveObjects: 0.683700 ms CreateObjectMapping: 0.185400 ms MarkObjects: 4.949500 ms  DeleteObjects: 0.183700 ms)

AssetImportParameters requested are different than current active one (requested -> active):
  custom:video-decoder-ogg-theora: a1e56fd34408186e4bbccfd4996cb3dc -> 
  custom:container-muxer-webm: aa71ff27fc2769a1b78a27578f13a17b -> 
  custom:container-demuxer-webm: 4f35f7cbe854078d1ac9338744f61a02 -> 
  custom:video-encoder-webm-vp8: eb34c28f22e8b96e1ab97ce403110664 -> 
  custom:audio-encoder-webm-vorbis: bf7c407c2cedff20999df2af8eb42d56 -> 
  custom:framework-win-MediaFoundation: 216162199b28c13a410421893ffa2e32 -> 
  custom:container-demuxer-ogg: 62fdf1f143b41e24485cea50d1cbac27 -> 
  custom:video-decoder-webm-vp8: 9c59270c3fd7afecdb556c50c9e8de78 -> 
  custom:audio-decoder-ogg-vorbis: bf7c407c2cedff20999df2af8eb42d56 -> 
========================================================================
Received Import Request.
  Time since last request: 540227.329974 seconds.
  path: Assets/ControlCharacter.cs
  artifactKey: Guid(6db29c9caef593e439a507744eaae6f4) Importer(815301076,1909f56bfc062723c751e8b465ee728b)
Start importing Assets/ControlCharacter.cs using Guid(6db29c9caef593e439a507744eaae6f4) Importer(815301076,1909f56bfc062723c751e8b465ee728b)  -> (artifact id: 'f99ee04b3afb1d6ce39f3fb8617da62c') in 0.086611 seconds 
========================================================================
Received Import Request.
  Time since last request: 69.580525 seconds.
  path: Assets/ControlCharacter.cs
  artifactKey: Guid(6db29c9caef593e439a507744eaae6f4) Importer(815301076,1909f56bfc062723c751e8b465ee728b)
Start importing Assets/ControlCharacter.cs using Guid(6db29c9caef593e439a507744eaae6f4) Importer(815301076,1909f56bfc062723c751e8b465ee728b)  -> (artifact id: 'aebbaecf0e554309b4a91a0ab919e86c') in 0.006713 seconds 
========================================================================
Received Import Request.
  Time since last request: 80.848364 seconds.
  path: Assets/Bala.prefab
  artifactKey: Guid(32b0334eaf8dc43849b7c9edb279ab0f) Importer(815301076,1909f56bfc062723c751e8b465ee728b)
Start importing Assets/Bala.prefab using Guid(32b0334eaf8dc43849b7c9edb279ab0f) Importer(815301076,1909f56bfc062723c751e8b465ee728b)  -> (artifact id: 'f2a53aaae6e28de4246369a356619416') in 0.377424 seconds 
========================================================================
Received Import Request.
  Time since last request: 77.868321 seconds.
  path: Assets/Bala.cs
  artifactKey: Guid(01f207c2e184f524eb08842dfb6f2620) Importer(815301076,1909f56bfc062723c751e8b465ee728b)
Start importing Assets/Bala.cs using Guid(01f207c2e184f524eb08842dfb6f2620) Importer(815301076,1909f56bfc062723c751e8b465ee728b)  -> (artifact id: '9a40abe8919b5423f25a14c6dc6b1515') in 0.016730 seconds 
========================================================================
Received Import Request.
  Time since last request: 24.648944 seconds.
  path: Assets/Bala.cs
  artifactKey: Guid(01f207c2e184f524eb08842dfb6f2620) Importer(815301076,1909f56bfc062723c751e8b465ee728b)
Start importing Assets/Bala.cs using Guid(01f207c2e184f524eb08842dfb6f2620) Importer(815301076,1909f56bfc062723c751e8b465ee728b)  -> (artifact id: '251a04a176b575d2691f95d72fdd8dc0') in 0.028769 seconds 
========================================================================
Received Import Request.
  Time since last request: 13.408542 seconds.
  path: Assets/Scenes/Bala.cs
  artifactKey: Guid(fe54c6aa0557e4bada8680f460405f08) Importer(815301076,1909f56bfc062723c751e8b465ee728b)
Start importing Assets/Scenes/Bala.cs using Guid(fe54c6aa0557e4bada8680f460405f08) Importer(815301076,1909f56bfc062723c751e8b465ee728b)  -> (artifact id: 'd95064a6b61ad34f28316e3186e150bd') in 0.025691 seconds 
========================================================================
Received Prepare
Registering precompiled user dll's ...
Registered in 0.010273 seconds.
Begin MonoManager ReloadAssembly
Symbol file LoadedFromMemory doesn't match image C:\Users\cesar\Documents\Proyectos Unity\Practica Formal\Practica-formal-Mac\Library\PackageCache\com.unity.visualscripting@1.7.6\Editor\VisualScripting.Core\Dependencies\YamlDotNet\Unity.VisualScripting.YamlDotNet.dll
Symbol file LoadedFromMemory doesn't match image C:\Users\cesar\Documents\Proyectos Unity\Practica Formal\Practica-formal-Mac\Library\PackageCache\com.unity.visualscripting@1.7.6\Editor\VisualScripting.Core\Dependencies\DotNetZip\Unity.VisualScripting.IonicZip.dll
Native extension for WindowsStandalone target not found
Refreshing native plugins compatible for Editor in 1.26 ms, found 3 plugins.
Preloading 0 native plugins for Editor in 0.00 ms.
Mono: successfully reloaded assembly
- Completed reload, in  4.010 seconds
Domain Reload Profiling:
	ReloadAssembly (4012ms)
		BeginReloadAssembly (281ms)
			ExecutionOrderSort (0ms)
			DisableScriptedObjects (12ms)
			BackupInstance (0ms)
			ReleaseScriptingObjects (0ms)
			CreateAndSetChildDomain (82ms)
		EndReloadAssembly (3308ms)
			LoadAssemblies (213ms)
			RebuildTransferFunctionScriptingTraits (0ms)
			SetupTypeCache (1016ms)
			ReleaseScriptCaches (3ms)
			RebuildScriptCaches (132ms)
			SetupLoadedEditorAssemblies (1534ms)
				LogAssemblyErrors (0ms)
				InitializePlatformSupportModulesInManaged (45ms)
				SetLoadedEditorAssemblies (1ms)
				RefreshPlugins (2ms)
				BeforeProcessingInitializeOnLoad (217ms)
				ProcessInitializeOnLoadAttributes (887ms)
				ProcessInitializeOnLoadMethodAttributes (367ms)
				AfterProcessingInitializeOnLoad (15ms)
				EditorAssembliesLoaded (0ms)
			ExecutionOrderSort2 (0ms)
			AwakeInstancesAfterBackupRestoration (20ms)
Platform modules already initialized, skipping
Refreshing native plugins compatible for Editor in 1.23 ms, found 3 plugins.
Preloading 0 native plugins for Editor in 0.00 ms.
Unloading 3212 Unused Serialized files (Serialized files now loaded: 0)
Unloading 21 unused Assets / (24.6 KB). Loaded Objects now: 3687.
Memory consumption went from 117.4 MB to 117.4 MB.
Total: 12.538800 ms (FindLiveObjects: 0.997200 ms CreateObjectMapping: 1.629800 ms MarkObjects: 9.852300 ms  DeleteObjects: 0.056100 ms)

AssetImportParameters requested are different than current active one (requested -> active):
  custom:video-decoder-ogg-theora: a1e56fd34408186e4bbccfd4996cb3dc -> 
  custom:container-muxer-webm: aa71ff27fc2769a1b78a27578f13a17b -> 
  custom:container-demuxer-webm: 4f35f7cbe854078d1ac9338744f61a02 -> 
  custom:video-encoder-webm-vp8: eb34c28f22e8b96e1ab97ce403110664 -> 
  custom:audio-encoder-webm-vorbis: bf7c407c2cedff20999df2af8eb42d56 -> 
  custom:framework-win-MediaFoundation: 216162199b28c13a410421893ffa2e32 -> 
  custom:container-demuxer-ogg: 62fdf1f143b41e24485cea50d1cbac27 -> 
  custom:video-decoder-webm-vp8: 9c59270c3fd7afecdb556c50c9e8de78 -> 
  custom:audio-decoder-ogg-vorbis: bf7c407c2cedff20999df2af8eb42d56 -> 
========================================================================
Received Import Request.
  Time since last request: 18.957908 seconds.
  path: Assets/Bala.prefab
  artifactKey: Guid(32b0334eaf8dc43849b7c9edb279ab0f) Importer(815301076,1909f56bfc062723c751e8b465ee728b)
Start importing Assets/Bala.prefab using Guid(32b0334eaf8dc43849b7c9edb279ab0f) Importer(815301076,1909f56bfc062723c751e8b465ee728b)  -> (artifact id: 'f86f288da3db1c0a0cefa162be04cdfc') in 0.269853 seconds 
========================================================================
Received Prepare
Registering precompiled user dll's ...
Registered in 0.035720 seconds.
Begin MonoManager ReloadAssembly
Symbol file LoadedFromMemory doesn't match image C:\Users\cesar\Documents\Proyectos Unity\Practica Formal\Practica-formal-Mac\Library\PackageCache\com.unity.visualscripting@1.7.6\Editor\VisualScripting.Core\Dependencies\YamlDotNet\Unity.VisualScripting.YamlDotNet.dll
Symbol file LoadedFromMemory doesn't match image C:\Users\cesar\Documents\Proyectos Unity\Practica Formal\Practica-formal-Mac\Library\PackageCache\com.unity.visualscripting@1.7.6\Editor\VisualScripting.Core\Dependencies\DotNetZip\Unity.VisualScripting.IonicZip.dll
Native extension for WindowsStandalone target not found
Refreshing native plugins compatible for Editor in 2.23 ms, found 3 plugins.
Preloading 0 native plugins for Editor in 0.00 ms.
Mono: successfully reloaded assembly
- Completed reload, in  3.726 seconds
Domain Reload Profiling:
	ReloadAssembly (3728ms)
		BeginReloadAssembly (363ms)
			ExecutionOrderSort (0ms)
			DisableScriptedObjects (10ms)
			BackupInstance (0ms)
			ReleaseScriptingObjects (0ms)
			CreateAndSetChildDomain (116ms)
		EndReloadAssembly (2648ms)
			LoadAssemblies (224ms)
			RebuildTransferFunctionScriptingTraits (0ms)
			SetupTypeCache (855ms)
			ReleaseScriptCaches (4ms)
			RebuildScriptCaches (126ms)
			SetupLoadedEditorAssemblies (1368ms)
				LogAssemblyErrors (1ms)
				InitializePlatformSupportModulesInManaged (23ms)
				SetLoadedEditorAssemblies (1ms)
				RefreshPlugins (3ms)
				BeforeProcessingInitializeOnLoad (122ms)
				ProcessInitializeOnLoadAttributes (1101ms)
				ProcessInitializeOnLoadMethodAttributes (96ms)
				AfterProcessingInitializeOnLoad (21ms)
				EditorAssembliesLoaded (0ms)
			ExecutionOrderSort2 (0ms)
			AwakeInstancesAfterBackupRestoration (12ms)
Platform modules already initialized, skipping
Refreshing native plugins compatible for Editor in 2.36 ms, found 3 plugins.
Preloading 0 native plugins for Editor in 0.00 ms.
Unloading 3212 Unused Serialized files (Serialized files now loaded: 0)
Unloading 19 unused Assets / (24.6 KB). Loaded Objects now: 3689.
Memory consumption went from 117.4 MB to 117.4 MB.
Total: 17.424800 ms (FindLiveObjects: 1.057100 ms CreateObjectMapping: 0.328600 ms MarkObjects: 15.881100 ms  DeleteObjects: 0.149300 ms)

AssetImportParameters requested are different than current active one (requested -> active):
  custom:video-decoder-ogg-theora: a1e56fd34408186e4bbccfd4996cb3dc -> 
  custom:container-muxer-webm: aa71ff27fc2769a1b78a27578f13a17b -> 
  custom:container-demuxer-webm: 4f35f7cbe854078d1ac9338744f61a02 -> 
  custom:video-encoder-webm-vp8: eb34c28f22e8b96e1ab97ce403110664 -> 
  custom:audio-encoder-webm-vorbis: bf7c407c2cedff20999df2af8eb42d56 -> 
  custom:framework-win-MediaFoundation: 216162199b28c13a410421893ffa2e32 -> 
  custom:container-demuxer-ogg: 62fdf1f143b41e24485cea50d1cbac27 -> 
  custom:video-decoder-webm-vp8: 9c59270c3fd7afecdb556c50c9e8de78 -> 
  custom:audio-decoder-ogg-vorbis: bf7c407c2cedff20999df2af8eb42d56 -> 
========================================================================
Received Import Request.
  Time since last request: 74.443296 seconds.
  path: ProjectSettings/TagManager.asset
  artifactKey: Guid(00000000000000003000000000000000) Importer(815301076,1909f56bfc062723c751e8b465ee728b)
Start importing ProjectSettings/TagManager.asset using Guid(00000000000000003000000000000000) Importer(815301076,1909f56bfc062723c751e8b465ee728b)  -> (artifact id: '49103ddb131dee35ba8759c97ba2dd04') in 0.117964 seconds 
========================================================================
Received Prepare
